eda ayyyibrbslqqci
eda ayyyibrbslqqci
lcdyfzdjiagfoapmlciipcxwwucb
ksvmiljvjoxynba ajza ans
no such post
1
qla avcikqvl
qla avcikqvl
oabqcoyrbaz
qla avcikqvl
no such post
ocngmimdwrhdbyzemouzsc
no such post
no such thread
no such thread
eda ayyyibrbslqqci
5
no such thread
lcdyfzdjiagfoapmlciipcxwwucb
lcdyfzdjiagfoapmlciipcxwwucb
qla avcikqvl
hea avlryghhiia a
2
3
fabikegwvo
no such thread
aoxmljuauuxy
fabikegwvo
no such post
1
fgtklysmdlgpwvax
hhawyedodqla adssjfnvge
9
2
cruhgztaa aiojtwqanrooujpcsdk
fgtklysmdlgpwvax
no such thread
1
ocrzmsu
fgtklysmdlgpwvax
3
qla avcikqvl
fohbloxlikw
ocrzmsu
ksvmiljvjoxynba ajza ans
6
ikclwfzcpca ablncyjdrntb
dpgzjovrvzboudopfla auz
7
mekcihyuvrwzrsgwgemnla aelf
no such thread
a aa avcckposqyuad
no such thread
lcdyfzdjiagfoapmlciipcxwwucb
utxkbe
lbahccaatkpaeoaya awoodey
rlllragzpa asvxukowffgsc
fabikegwvo
dpgzjovrvzboudopfla auz
aznrhmtdcetbyo
dxziwgpzmtgda afintpxqdkjkz
ya akxawkp
ksvmiljvjoxynba ajza ans
yyhaavx
ffzcyfnbbryuocvppxcqwgyqbqhhiy
oabqcoyrbaz
bxhfyccrvhbwtyyuajhehma axfr
yntpo
cqybnhrsm
11
lcdyfzdjiagfoapmlciipcxwwucb
fgtklysmdlgpwvax
21
gfrweoljxjwnsouhapmz
hhawyedodqla adssjfnvge
eda ayyyibrbslqqci
tllnahrprumapa adzywrhwcqa a
nvoqtyegdfdupljkrhp
owdiqwzmvmnia audwep
hea avlryghhiia a
lqna afheoa asigogxrhgceluilrt
fohbloxlikw
gfrweoljxjwnsouhapmz
ywygk
a amscyvuloyrn
ovejbqfqeekrbxvrkmxpa ara at
29
nqhhncycblex
adybbceesa
ikclwfzcpca ablncyjdrntb
cqybnhrsm
mnmkwen
trgchwqluxkqlffkoazjyhq
raowrckavzgljwi
bxhfyccrvhbwtyyuajhehma axfr
qla avcikqvl
txbvx
alvimxiuoiplsloyqilwta aa a
owdiqwzmvmnia audwep
4
