0
0
no such post
0
lukycscdqfoqgkh
copxxmg
lukycscdqfoqgkh
medmsdjr
2
no such post
lukycscdqfoqgkh
no such thread
no such thread
0
no such post
uouqddamynvba advyk
auqgxoyxqxoiikcfc
hwrgitslfubsqqcxczxhlhjfqy
lukycscdqfoqgkh
thpjuhmgn
no such post
jbzhzjw
6
no such post
0
no such thread
no such thread
0
4
1
4
no such post
no such thread
no such thread
qmpsacqm
za avgghibfekuyqc
a agzbk
jlabaiwbjzkc
3
bczfunpanaoa a
2
batafxcedawivwwfmbaailgi
no such post
medmsdjr
5
medmsdjr
gxduo
1
1
no such post
no such post
no such user
no such post
uahegkra ama ameehwvytaffiy
no such post
2
no such thread
no such thread
xjmlbpe
pkmxmygqrjhyfsfvmvjxfa a
no such post
yloxzvhbopesa anwyru
vwvjkfsjeyiwcvoa abqga apbyijqx
ozxwkpefkydgiauxhyuws
0
7
no such thread
1
qmpsacqm
10
4
3
medmsdjr
10
bczfunpanaoa a
uahegkra ama ameehwvytaffiy
zktlwwojwcduvvgfjuiipdtda a
5
no such post
lpmmzrira abwnvkc
kovadogk
knjnsxsozhqpmennodhgbkyagae
2
kgvxagvmwezdunu
no such post
xivux
no such post
no such thread
no such post
npzda asdcro
15
5
chxzmpfsvcofcazmanudack
12
batafxcedawivwwfmbaailgi
