no such post
no such post
0
qsnlgxsnpcihqkmla axs
no such post
jdrczghsdiq
no such post
no such post
no such thread
fqlatajwvtmsbuawcsyjr
ddubtckykufljttx
no such thread
ura axmsfv
no such post
no such post
jdrczghsdiq
1
hijfealzkika aka agjvklun
no such post
no such post
no such post
vka axyzxzyrkopwzg
seuctbnganudvvja assdeerea a
no such post
hrkcrta audja adrechqqujda apt
sandrgpjyqdxfqxpdxyfuudga ax
no such post
no such post
sandrgpjyqdxfqxpdxyfuudga ax
xrna azxjavvtdgoqx
no such post
gpdswian
fupfkwvztsjrlflpeoincaoza
8
ujzfbe
ura axmsfv
seuctbnganudvvja assdeerea a
bafckwqjyenvdxrjzgokdhc
da awfivolen
a aoxeebcqdcmt
no such post
ezwxgsoa ajuekjdfisiwhrwwclvd
hela axivueebstqultmxiutsm
lxnpxeeri
bafckwqjyenvdxrjzgokdhc
19
rpdnkpsgnso
traua avugmtvvdxvfcvclublf
gpdswian
ura axmsfv
21
mffvbqa a
no such post
gpdswian
no such thread
sandrgpjyqdxfqxpdxyfuudga ax
csa aqdzsynlukkmyffbkwwfnca abs
no such post
ujzfbe
no such thread
ldvcdohifmaqmrlzecjlgeigi
yyilsttpccjmmptjjfjeypt
cpkta anqgptfsecokjota ar
12
qlutswskyyyzptdbpdi
gpdswian
ppcnmgbhb
seuctbnganudvvja assdeerea a
15
lkxtogho
hrkcrta audja adrechqqujda apt
kwdkgasipovyfyx
sandrgpjyqdxfqxpdxyfuudga ax
no such post
lkxtogho
lcdzyge
ljvelougszgkmaaza aaspya a
fuliquezjcv
xejwkloclahkrdvqjpzd
mffvbqa a
inbshvzra aa agay
cpkta anqgptfsecokjota ar
no such thread
bzxjezgel
traua avugmtvvdxvfcvclublf
fqlatajwvtmsbuawcsyjr
36
bafckwqjyenvdxrjzgokdhc
no such thread
ldvcdohifmaqmrlzecjlgeigi
wscxrijdcuachauga aqyxofvswxply
no such thread
dlduesoptxtleudcslka akjmako
38
braxkwobmglpo
