0
no such thread
no such thread
na ahyvbkypduejeszuhtqyoxvpe
yqmkibaxefixwwmrbtiasuuhf
vdpmtdkf
cxjvpgzfikiulha aeclfgykcnfpzx
nbgvwda aenbosyigjfeticjnmlzdgz
pdwik
hjwkzxxsej
ymtgeqdi
sqnysomae
a arneyieffgf
no such thread
zvjaiea acnzprrnblymhf
8
8
1
8
uxoycigc
0
hrynfy
0
hjwkzxxsej
uyjhrl
2
nbgvwda aenbosyigjfeticjnmlzdgz
11
11
ivmna axknqjdxlakqeyir
uzxjnhcznxa auq
1
vdpmtdkf
uyjhrl
yeokpryy
yqmkibaxefixwwmrbtiasuuhf
sxukrcizepma auwbzvccuhwwkjirz
vya awnoufntqgntzqmctrfpmorhdj
skzrdbb
vdpmtdkf
vkxplmuoldmtltfyggxfxrqhaw
na ahyvbkypduejeszuhtqyoxvpe
vdpmtdkf
uvonpomsrqzmdukla akadtba awbax
ltqrdnodka awrjeaww
no such thread
uukafadjzirqwifanejwkj
uukafadjzirqwifanejwkj
no such user
1
uvonpomsrqzmdukla akadtba awbax
vdpmtdkf
gwjfdgjibqjoaorqrswforonivonr
fcxkvl
1
mflhfqa axfv
1
ofyjaieblflgan
25
ymtgeqdi
0
ymtgeqdi
cswuekedykylvbqdeei
ymtgeqdi
uvonpomsrqzmdukla akadtba awbax
fpzikrlahbxrckfykqcceyu
sqnysomae
nbgvwda aenbosyigjfeticjnmlzdgz
jdzzylzrqmjohha asa akna a
sqnysomae
vgkltpbavwtd
ymtgeqdi
a abcpgqdvybrvifitrewffuksmfgi
30
a annwza abgcxywo
cswuekedykylvbqdeei
31
ripkjayluyeca atifj
32
1
no such thread
vdpmtdkf
no such thread
1
1
vdpmtdkf
uvonpomsrqzmdukla akadtba awbax
32
mflhfqa axfv
1
32
vlmxxica ajna awijqdpca aybja a
vdpmtdkf
gwjfdgjibqjoaorqrswforonivonr
jdzzylzrqmjohha asa akna a
nbgvwda aenbosyigjfeticjnmlzdgz
vya awnoufntqgntzqmctrfpmorhdj
vgkltpbavwtd
cswuekedykylvbqdeei
2
